 
#------------------------------------------------------------
#
#   ,o, ,o,       /                                 
#    `   `  e88~88e  d88~\   /~~~8e Y88b    e    / 
#   888 888 88   88 C888         88b Y88b  d8b  /   
#   888 888 "8b_d8"  Y88b   e88~-888  Y888/Y88b/  
#   888 888  /        888D C88   888   Y8/  Y8/     
#   88P 888 Cb      \_88P   "8b_-888    Y    Y    
# \_8"       Y8""8D                             
#
#------------------------------------------------------------
# JIGSAW: an unstructured mesh generation library.  
#------------------------------------------------------------
 
  JIGSAW VERSION 0.9.10

  Reading CFG. file...

  CFG. data summary...

  GEOM-FILE = /home/dengwirda/Dev/jigsaw/jigsaw-geo-python-cpy/files/aust.msh 
  MESH-FILE = /home/dengwirda/Dev/jigsaw/jigsaw-geo-python-cpy/files/mesh.msh 
  HFUN-FILE = /home/dengwirda/Dev/jigsaw/jigsaw-geo-python-cpy/files/hfun.msh 
  INIT-FILE =  
  TRIA-FILE =  
  BNDS-FILE =  

  Done. (1.07e-04sec)

#------------------------------------------------------------

  Reading GEOM file...

  Done. (5.45e-02sec)

#------------------------------------------------------------

  Forming GEOM data...

  Done. (2.86e-02sec)

#------------------------------------------------------------

  Reading HFUN file...

  Done. (5.14e-03sec)

#------------------------------------------------------------

  Forming HFUN data...

  Done. (6.80e-05sec)

#------------------------------------------------------------

  Generate rDT MESH...

#------------------------------------------------------------
#    |ITER.|      |DEL-1|      |DEL-2| 
#------------------------------------------------------------
      28485         5599        52090

  Done. (1.13e+00sec)

#------------------------------------------------------------

  Pushing MESH data...

  Done. (4.38e-02sec)

#------------------------------------------------------------

  MESH optimisation...

#------------------------------------------------------------
#    |MOVE.|      |FLIP.|      |MERGE|      |SPLIT| 
#------------------------------------------------------------
      18527           51          279           18
      10354            6           36            5
       4460            1            3            0
       1680            0            0            0
        356            0            0            0
         25            0            0            0
          0            0            0            0

  Done. (1.42e+00sec)

#------------------------------------------------------------

  Writing MESH file...

  Done. (4.78e-02sec)

