 
#------------------------------------------------------------
#
#   ,o, ,o,       /                                 
#    `   `  e88~88e  d88~\   /~~~8e Y88b    e    / 
#   888 888 88   88 C888         88b Y88b  d8b  /   
#   888 888 "8b_d8"  Y88b   e88~-888  Y888/Y88b/  
#   888 888  /        888D C88   888   Y8/  Y8/     
#   88P 888 Cb      \_88P   "8b_-888    Y    Y    
# \_8"       Y8""8D                             
#
#------------------------------------------------------------
# JIGSAW: an unstructured mesh generation library.  
#------------------------------------------------------------
 
  JIGSAW VERSION 0.9.10

  Reading CFG. file...

  CFG. data summary...

  GEOM-FILE = /home/dengwirda/Dev/jigsaw/jigsaw-geo-python-cpy/files/ball.msh 
  MESH-FILE = /home/dengwirda/Dev/jigsaw/jigsaw-geo-python-cpy/files/mesh.msh 
  HFUN-FILE =  
  INIT-FILE =  
  TRIA-FILE =  
  BNDS-FILE =  

  Done. (9.10e-05sec)

#------------------------------------------------------------

  Reading GEOM file...

  Done. (3.30e-05sec)

#------------------------------------------------------------

  Forming GEOM data...

  Done. (3.40e-05sec)

#------------------------------------------------------------

  Forming HFUN data...

  Done. (1.10e-05sec)

#------------------------------------------------------------

  Generate rDT MESH...

#------------------------------------------------------------
#    |ITER.|      |DEL-1|      |DEL-2|      |DEL-3| 
#------------------------------------------------------------
      12500            0        25016            0
      14968            0        29948            0

  Done. (5.70e-01sec)

#------------------------------------------------------------

  Pushing MESH data...

  Done. (1.77e-02sec)

#------------------------------------------------------------

  MESH optimisation...

#------------------------------------------------------------
#    |MOVE.|      |FLIP.|      |MERGE|      |SPLIT| 
#------------------------------------------------------------
      11737            0            2            0
       7992            0            0            0
       3363            0            0            0
       1146            0            0            0
        211            0            0            0
         53            0            0            0
          6            0            0            0
          0            0            0            0

  Done. (8.78e-01sec)

#------------------------------------------------------------

  Writing MESH file...

  Done. (3.84e-02sec)

