 
#------------------------------------------------------------
#
#   ,o, ,o,       /                                 
#    `   `  e88~88e  d88~\   /~~~8e Y88b    e    / 
#   888 888 88   88 C888         88b Y88b  d8b  /   
#   888 888 "8b_d8"  Y88b   e88~-888  Y888/Y88b/  
#   888 888  /        888D C88   888   Y8/  Y8/     
#   88P 888 Cb      \_88P   "8b_-888    Y    Y    
# \_8"       Y8""8D                             
#
#------------------------------------------------------------
# JIGSAW: an unstructured mesh generation library.  
#------------------------------------------------------------
 
  JIGSAW VERSION 0.9.10

  Reading CFG. file...

  CFG. data summary...

  GEOM-FILE = /home/dengwirda/Dev/jigsaw/jigsaw-geo-python-cpy/files/us48.msh 
  MESH-FILE = /home/dengwirda/Dev/jigsaw/jigsaw-geo-python-cpy/files/mesh.msh 
  HFUN-FILE =  
  INIT-FILE =  
  TRIA-FILE =  
  BNDS-FILE =  

  Done. (9.50e-05sec)

#------------------------------------------------------------

  Reading GEOM file...

  Done. (4.74e-02sec)

#------------------------------------------------------------

  Forming GEOM data...

  Done. (1.82e-02sec)

#------------------------------------------------------------

  Forming HFUN data...

  Done. (3.30e-05sec)

#------------------------------------------------------------

  Generate rDT MESH...

#------------------------------------------------------------
#    |ITER.|      |DEL-1|      |DEL-2| 
#------------------------------------------------------------
      25227         4482        48061

  Done. (8.58e-01sec)

#------------------------------------------------------------

  Pushing MESH data...

  Done. (3.75e-02sec)

#------------------------------------------------------------

  MESH optimisation...

#------------------------------------------------------------
#    |MOVE.|      |FLIP.|      |MERGE|      |SPLIT| 
#------------------------------------------------------------
      15187           35           86           13
       9310            6           11            4
       3974            4            3            0
       1372            1            2            0
        401            0            0            0
        101            0            1            0
         27            0            0            0
          3            0            0            0
          0            0            0            0

  Done. (1.24e+00sec)

#------------------------------------------------------------

  Writing MESH file...

  Done. (4.50e-02sec)

